-------------------------------------------------------------------------------
Test set: KPMG Scenarios
-------------------------------------------------------------------------------
Tests run: 1, Failures: 1, Errors: 0, Skipped: 0, Time elapsed: 18.212 s <<< FAILURE! - in KPMG Scenarios
Positive scenario(KPMG Scenarios)  Time elapsed: 18.212 s  <<< FAILURE!
org.junit.ComparisonFailure: expected:<[WELCOME]> but was:<[SORRY, WE CANâ€™T DISPLAY THE PAGE YOU REQUESTED]>

